# JRE version: OpenJDK Runtime Environment 18.9 (11.0.9+11) (build 11.0.9+11-LTS)
# Java VM: OpenJDK 64-Bit Server VM 18.9 (11.0.9+11-LTS, mixed mode, sharing, tiered, compressed oops, g1 gc, linux-amd64)
Heap:
 garbage-first heap   total 624640K, used 208560K [0x0000000609800000, 0x0000000800000000)
  region size 2048K, 55 young (112640K), 20 survivors (40960K)
 Metaspace       used 100790K, capacity 102038K, committed 103500K, reserved 1140736K
  class space    used 11767K, capacity 12226K, committed 12416K, reserved 1048576K
GC Heap History (20 events):
Event: 869187.058 GC heap before
{Heap before GC invocations=4785 (full 0):
 garbage-first heap   total 624640K, used 476271K [0x0000000609800000, 0x0000000800000000)
  region size 2048K, 179 young (366592K), 1 survivors (2048K)
 Metaspace       used 100788K, capacity 102038K, committed 103500K, reserved 1140736K
  class space    used 11767K, capacity 12226K, committed 12416K, reserved 1048576K
}
Event: 869187.078 GC heap after
{Heap after GC invocations=4786 (full 0):
 garbage-first heap   total 624640K, used 141996K [0x0000000609800000, 0x0000000800000000)
  region size 2048K, 15 young (30720K), 15 survivors (30720K)
 Metaspace       used 100788K, capacity 102038K, committed 103500K, reserved 1140736K
  class space    used 11767K, capacity 12226K, committed 12416K, reserved 1048576K
}
Event: 869477.592 GC heap before
{Heap before GC invocations=4787 (full 0):
 garbage-first heap   total 624640K, used 471724K [0x0000000609800000, 0x0000000800000000)
  region size 2048K, 179 young (366592K), 15 survivors (30720K)
 Metaspace       used 100788K, capacity 102038K, committed 103500K, reserved 1140736K
  class space    used 11767K, capacity 12226K, committed 12416K, reserved 1048576K
}
Event: 869477.609 GC heap after
{Heap after GC invocations=4788 (full 0):
 garbage-first heap   total 624640K, used 138173K [0x0000000609800000, 0x0000000800000000)
  region size 2048K, 16 young (32768K), 16 survivors (32768K)
 Metaspace       used 100788K, capacity 102038K, committed 103500K, reserved 1140736K
  class space    used 11767K, capacity 12226K, committed 12416K, reserved 1048576K
}
Event: 869477.658 GC heap before
{Heap before GC invocations=4788 (full 0):
 garbage-first heap   total 624640K, used 140221K [0x0000000609800000, 0x0000000800000000)
  region size 2048K, 17 young (34816K), 16 survivors (32768K)
 Metaspace       used 100788K, capacity 102038K, committed 103500K, reserved 1140736K
  class space    used 11767K, capacity 12226K, committed 12416K, reserved 1048576K
}
Event: 869477.664 GC heap after
{Heap after GC invocations=4789 (full 0):
 garbage-first heap   total 624640K, used 111375K [0x0000000609800000, 0x0000000800000000)
  region size 2048K, 1 young (2048K), 1 survivors (2048K)
 Metaspace       used 100788K, capacity 102038K, committed 103500K, reserved 1140736K
  class space    used 11767K, capacity 12226K, committed 12416K, reserved 1048576K
}
Event: 871067.186 GC heap before
{Heap before GC invocations=4789 (full 0):
 garbage-first heap   total 624640K, used 467727K [0x0000000609800000, 0x0000000800000000)
  region size 2048K, 176 young (360448K), 1 survivors (2048K)
 Metaspace       used 100788K, capacity 102038K, committed 103500K, reserved 1140736K
  class space    used 11767K, capacity 12226K, committed 12416K, reserved 1048576K
}
Event: 871067.203 GC heap after
{Heap after GC invocations=4790 (full 0):
 garbage-first heap   total 624640K, used 134354K [0x0000000609800000, 0x0000000800000000)
  region size 2048K, 13 young (26624K), 13 survivors (26624K)
 Metaspace       used 100788K, capacity 102038K, committed 103500K, reserved 1140736K
  class space    used 11767K, capacity 12226K, committed 12416K, reserved 1048576K
}
Event: 871281.094 GC heap before
{Heap before GC invocations=4791 (full 0):
 garbage-first heap   total 624640K, used 463963K [0x0000000609800000, 0x0000000800000000)
  region size 2048K, 178 young (364544K), 13 survivors (26624K)
 Metaspace       used 100788K, capacity 102038K, committed 103500K, reserved 1140736K
  class space    used 11767K, capacity 12226K, committed 12416K, reserved 1048576K
}
Event: 871281.108 GC heap after
{Heap after GC invocations=4792 (full 0):
 garbage-first heap   total 624640K, used 113071K [0x0000000609800000, 0x0000000800000000)
  region size 2048K, 5 young (10240K), 5 survivors (10240K)
 Metaspace       used 100788K, capacity 102038K, committed 103500K, reserved 1140736K
  class space    used 11767K, capacity 12226K, committed 12416K, reserved 1048576K
}
Event: 871282.024 GC heap before
{Heap before GC invocations=4792 (full 0):
 garbage-first heap   total 624640K, used 133551K [0x0000000609800000, 0x0000000800000000)
  region size 2048K, 15 young (30720K), 5 survivors (10240K)
 Metaspace       used 100788K, capacity 102038K, committed 103500K, reserved 1140736K
  class space    used 11767K, capacity 12226K, committed 12416K, reserved 1048576K
}
Event: 871282.033 GC heap after
{Heap after GC invocations=4793 (full 0):
 garbage-first heap   total 624640K, used 105553K [0x0000000609800000, 0x0000000800000000)
  region size 2048K, 1 young (2048K), 1 survivors (2048K)
 Metaspace       used 100788K, capacity 102038K, committed 103500K, reserved 1140736K
  class space    used 11767K, capacity 12226K, committed 12416K, reserved 1048576K
}
Event: 872832.711 GC heap before
{Heap before GC invocations=4793 (full 0):
 garbage-first heap   total 624640K, used 478289K [0x0000000609800000, 0x0000000800000000)
  region size 2048K, 183 young (374784K), 1 survivors (2048K)
 Metaspace       used 100788K, capacity 102038K, committed 103500K, reserved 1140736K
  class space    used 11767K, capacity 12226K, committed 12416K, reserved 1048576K
}
Event: 872832.729 GC heap after
{Heap after GC invocations=4794 (full 0):
 garbage-first heap   total 624640K, used 129887K [0x0000000609800000, 0x0000000800000000)
  region size 2048K, 13 young (26624K), 13 survivors (26624K)
 Metaspace       used 100788K, capacity 102038K, committed 103500K, reserved 1140736K
  class space    used 11767K, capacity 12226K, committed 12416K, reserved 1048576K
}
Event: 874667.293 GC heap before
{Heap before GC invocations=4795 (full 0):
 garbage-first heap   total 624640K, used 474420K [0x0000000609800000, 0x0000000800000000)
  region size 2048K, 183 young (374784K), 13 survivors (26624K)
 Metaspace       used 100788K, capacity 102038K, committed 103500K, reserved 1140736K
  class space    used 11767K, capacity 12226K, committed 12416K, reserved 1048576K
}
Event: 874667.313 GC heap after
{Heap after GC invocations=4796 (full 0):
 garbage-first heap   total 624640K, used 139241K [0x0000000609800000, 0x0000000800000000)
  region size 2048K, 19 young (38912K), 19 survivors (38912K)
 Metaspace       used 100788K, capacity 102038K, committed 103500K, reserved 1140736K
  class space    used 11767K, capacity 12226K, committed 12416K, reserved 1048576K
}
Event: 874674.110 GC heap before
{Heap before GC invocations=4796 (full 0):
 garbage-first heap   total 624640K, used 141289K [0x0000000609800000, 0x0000000800000000)
  region size 2048K, 20 young (40960K), 19 survivors (38912K)
 Metaspace       used 100788K, capacity 102038K, committed 103500K, reserved 1140736K
  class space    used 11767K, capacity 12226K, committed 12416K, reserved 1048576K
}
Event: 874674.116 GC heap after
{Heap after GC invocations=4797 (full 0):
 garbage-first heap   total 624640K, used 104100K [0x0000000609800000, 0x0000000800000000)
  region size 2048K, 3 young (6144K), 3 survivors (6144K)
 Metaspace       used 100788K, capacity 102038K, committed 103500K, reserved 1140736K
  class space    used 11767K, capacity 12226K, committed 12416K, reserved 1048576K
}
Event: 876975.247 GC heap before
{Heap before GC invocations=4797 (full 0):
 garbage-first heap   total 624640K, used 472740K [0x0000000609800000, 0x0000000800000000)
  region size 2048K, 183 young (374784K), 3 survivors (6144K)
 Metaspace       used 100788K, capacity 102038K, committed 103500K, reserved 1140736K
  class space    used 11767K, capacity 12226K, committed 12416K, reserved 1048576K
}
Event: 876975.270 GC heap after
{Heap after GC invocations=4798 (full 0):
 garbage-first heap   total 624640K, used 138928K [0x0000000609800000, 0x0000000800000000)
  region size 2048K, 20 young (40960K), 20 survivors (40960K)
 Metaspace       used 100788K, capacity 102038K, committed 103500K, reserved 1140736K
  class space    used 11767K, capacity 12226K, committed 12416K, reserved 1048576K
}

